0 info it worked if it ends with ok
1 verbose cli [ '/usr/local/bin/node',
1 verbose cli   '/usr/local/bin/npm',
1 verbose cli   'run',
1 verbose cli   'storybook' ]
2 info using npm@3.3.12
3 info using node@v5.2.0
4 verbose run-script [ 'prestorybook', 'storybook', 'poststorybook' ]
5 info lifecycle react-calendar@1.0.0~prestorybook: react-calendar@1.0.0
6 silly lifecycle react-calendar@1.0.0~prestorybook: no script for prestorybook, continuing
7 info lifecycle react-calendar@1.0.0~storybook: react-calendar@1.0.0
8 verbose lifecycle react-calendar@1.0.0~storybook: unsafe-perm in lifecycle true
9 verbose lifecycle react-calendar@1.0.0~storybook: PATH: /usr/local/lib/node_modules/npm/bin/node-gyp-bin:/Users/roobab/react-calendar/node_modules/.bin:/opt/local/bin:/opt/local/sbin:/usr/local/bin:/usr/bin:/bin:/usr/sbin:/sbin:/opt/X11/bin
10 verbose lifecycle react-calendar@1.0.0~storybook: CWD: /Users/roobab/react-calendar
11 silly lifecycle react-calendar@1.0.0~storybook: Args: [ '-c', 'storybook -p 9001' ]
12 info lifecycle react-calendar@1.0.0~storybook: Failed to exec storybook script
13 verbose stack Error: react-calendar@1.0.0 storybook: `storybook -p 9001`
13 verbose stack spawn ENOENT
13 verbose stack     at ChildProcess.<anonymous> (/usr/local/lib/node_modules/npm/lib/utils/spawn.js:17:16)
13 verbose stack     at emitTwo (events.js:88:13)
13 verbose stack     at ChildProcess.emit (events.js:173:7)
13 verbose stack     at maybeClose (internal/child_process.js:819:16)
13 verbose stack     at Process.ChildProcess._handle.onexit (internal/child_process.js:212:5)
14 verbose pkgid react-calendar@1.0.0
15 verbose cwd /Users/roobab/react-calendar
16 error Darwin 14.5.0
17 error argv "/usr/local/bin/node" "/usr/local/bin/npm" "run" "storybook"
18 error node v5.2.0
19 error npm  v3.3.12
20 error file sh
21 error code ELIFECYCLE
22 error errno ENOENT
23 error syscall spawn
24 error react-calendar@1.0.0 storybook: `storybook -p 9001`
24 error spawn ENOENT
25 error Failed at the react-calendar@1.0.0 storybook script 'storybook -p 9001'.
25 error Make sure you have the latest version of node.js and npm installed.
25 error If you do, this is most likely a problem with the react-calendar package,
25 error not with npm itself.
25 error Tell the author that this fails on your system:
25 error     storybook -p 9001
25 error You can get their info via:
25 error     npm owner ls react-calendar
25 error There is likely additional logging output above.
26 verbose exit [ 1, true ]
